<html>
<head>
<title>TestNG:  Test</title>
<link href="../testng.css" rel="stylesheet" type="text/css" />
<link href="../my-testng.css" rel="stylesheet" type="text/css" />

<style type="text/css">
.log { display: none;} 
.stack-trace { display: none;} 
</style>
<script type="text/javascript">
<!--
function flip(e) {
  current = e.style.display;
  if (current == 'block') {
    e.style.display = 'none';
    return 0;
  }
  else {
    e.style.display = 'block';
    return 1;
  }
}

function toggleBox(szDivId, elem, msg1, msg2)
{
  var res = -1;  if (document.getElementById) {
    res = flip(document.getElementById(szDivId));
  }
  else if (document.all) {
    // this is the way old msie versions work
    res = flip(document.all[szDivId]);
  }
  if(elem) {
    if(res == 0) elem.innerHTML = msg1; else elem.innerHTML = msg2;
  }

}

function toggleAllBoxes() {
  if (document.getElementsByTagName) {
    d = document.getElementsByTagName('div');
    for (i = 0; i < d.length; i++) {
      if (d[i].className == 'log') {
        flip(d[i]);
      }
    }
  }
}

// -->
</script>

</head>
<body>
<h2 align='center'>Test</h2><table border='1' align="center">
<tr>
<td>Tests passed/Failed/Skipped:</td><td>4/1/4</td>
</tr><tr>
<td>Started on:</td><td>Mon Nov 21 11:23:09 IST 2022</td>
</tr>
<tr><td>Total time:</td><td>409 seconds (409159 ms)</td>
</tr><tr>
<td>Included groups:</td><td></td>
</tr><tr>
<td>Excluded groups:</td><td></td>
</tr>
</table><p/>
<small><i>(Hover the method name to see the test class name)</i></small><p/>
<table width='100%' border='1' class='invocation-failed'>
<tr><td colspan='4' align='center'><b>FAILED CONFIGURATIONS</b></td></tr>
<tr><td><b>Test method</b></td>
<td width="30%"><b>Exception</b></td>
<td width="10%"><b>Time (seconds)</b></td>
<td><b>Instance</b></td>
</tr>
<tr>
<td title='com.salesforce.testcases.TC005_VerifyNewTask.preCondition()'><b>preCondition</b><br>Test class: com.salesforce.testcases.TC005_VerifyNewTask</td>
<td><div><pre>java.lang.RuntimeException: See the reporter for details.
	at com.framework.utils.Reporter.reportStep(Reporter.java:93)
	at com.framework.utils.Reporter.reportStep(Reporter.java:108)
	at com.framework.selenium.api.base.SeleniumBase.startApp(SeleniumBase.java:578)
	at com.framework.testng.api.base.ProjectSpecificMethods.preCondition(ProjectSpecificMethods.java:21)
	at java.base/java.util.concurrent.ThreadPoolExecutor.runWorker(ThreadPoolExecutor.java:1130)
	at java.base/java.util.concurrent.ThreadPoolExecutor$Worker.run(ThreadPoolExecutor.java:630)
	at java.base/java.lang.Thread.run(Thread.java:831)
... Removed 16 stack frames</pre></div><a href='#' onClick='toggleBox("stack-trace249137830", this, "Click to show all stack frames", "Click to hide stack frames")'>Click to show all stack frames</a>
<div class='stack-trace' id='stack-trace249137830'><pre>java.lang.RuntimeException: See the reporter for details.
	at com.framework.utils.Reporter.reportStep(Reporter.java:93)
	at com.framework.utils.Reporter.reportStep(Reporter.java:108)
	at com.framework.selenium.api.base.SeleniumBase.startApp(SeleniumBase.java:578)
	at com.framework.testng.api.base.ProjectSpecificMethods.preCondition(ProjectSpecificMethods.java:21)
	at java.base/jdk.internal.reflect.NativeMethodAccessorImpl.invoke0(Native Method)
	at java.base/jdk.internal.reflect.NativeMethodAccessorImpl.invoke(NativeMethodAccessorImpl.java:78)
	at java.base/jdk.internal.reflect.DelegatingMethodAccessorImpl.invoke(DelegatingMethodAccessorImpl.java:43)
	at java.base/java.lang.reflect.Method.invoke(Method.java:567)
	at org.testng.internal.MethodInvocationHelper.invokeMethod(MethodInvocationHelper.java:132)
	at org.testng.internal.MethodInvocationHelper.invokeMethodConsideringTimeout(MethodInvocationHelper.java:61)
	at org.testng.internal.ConfigInvoker.invokeConfigurationMethod(ConfigInvoker.java:366)
	at org.testng.internal.ConfigInvoker.invokeConfigurations(ConfigInvoker.java:320)
	at org.testng.internal.TestInvoker.runConfigMethods(TestInvoker.java:701)
	at org.testng.internal.TestInvoker.invokeMethod(TestInvoker.java:527)
	at org.testng.internal.TestInvoker.invokeTestMethod(TestInvoker.java:174)
	at org.testng.internal.MethodRunner.runInSequence(MethodRunner.java:46)
	at org.testng.internal.TestInvoker$MethodInvocationAgent.invoke(TestInvoker.java:822)
	at org.testng.internal.TestInvoker.invokeTestMethods(TestInvoker.java:147)
	at org.testng.internal.TestMethodWorker.invokeTestMethods(TestMethodWorker.java:146)
	at org.testng.internal.TestMethodWorker.run(TestMethodWorker.java:128)
	at java.base/java.util.concurrent.ThreadPoolExecutor.runWorker(ThreadPoolExecutor.java:1130)
	at java.base/java.util.concurrent.ThreadPoolExecutor$Worker.run(ThreadPoolExecutor.java:630)
	at java.base/java.lang.Thread.run(Thread.java:831)
</pre></div></td>
<td>21</td>
<td>com.salesforce.testcases.TC005_VerifyNewTask@47e2e487</td></tr>
</table><p>
<table width='100%' border='1' class='invocation-skipped'>
<tr><td colspan='4' align='center'><b>SKIPPED CONFIGURATIONS</b></td></tr>
<tr><td><b>Test method</b></td>
<td width="30%"><b>Exception</b></td>
<td width="10%"><b>Time (seconds)</b></td>
<td><b>Instance</b></td>
</tr>
<tr>
<td title='com.salesforce.testcases.TC005_VerifyNewTask.postCondition()'><b>postCondition</b><br>Test class: com.salesforce.testcases.TC005_VerifyNewTask</td>
<td></td>
<td>-1669010042</td>
<td>com.salesforce.testcases.TC005_VerifyNewTask@47e2e487</td></tr>
</table><p>
<table width='100%' border='1' class='invocation-failed'>
<tr><td colspan='4' align='center'><b>FAILED TESTS</b></td></tr>
<tr><td><b>Test method</b></td>
<td width="30%"><b>Exception</b></td>
<td width="10%"><b>Time (seconds)</b></td>
<td><b>Instance</b></td>
</tr>
<tr>
<td title='com.salesforce.testcases.TCOO3_VerifyAppLauncherLinks.runLogin()'><b>runLogin</b><br>Test class: com.salesforce.testcases.TCOO3_VerifyAppLauncherLinks<br>Parameters: hari.radhakrishnan@qeagle.com, Testleaf$321</td>
<td><div><pre>java.lang.RuntimeException: See the reporter for details.
	at com.framework.utils.Reporter.reportStep(Reporter.java:93)
	at com.framework.utils.Reporter.reportStep(Reporter.java:108)
	at com.framework.selenium.api.base.SeleniumBase.locateElement(SeleniumBase.java:610)
	at com.framework.selenium.api.base.SeleniumBase.click(SeleniumBase.java:192)
	at com.salesforce.pages.AppLauncher.closeWindow(AppLauncher.java:30)
	at com.salesforce.testcases.TCOO3_VerifyAppLauncherLinks.runLogin(TCOO3_VerifyAppLauncherLinks.java:31)
	at java.base/java.util.concurrent.ThreadPoolExecutor.runWorker(ThreadPoolExecutor.java:1130)
	at java.base/java.util.concurrent.ThreadPoolExecutor$Worker.run(ThreadPoolExecutor.java:630)
	at java.base/java.lang.Thread.run(Thread.java:831)
... Removed 12 stack frames</pre></div><a href='#' onClick='toggleBox("stack-trace1296356661", this, "Click to show all stack frames", "Click to hide stack frames")'>Click to show all stack frames</a>
<div class='stack-trace' id='stack-trace1296356661'><pre>java.lang.RuntimeException: See the reporter for details.
	at com.framework.utils.Reporter.reportStep(Reporter.java:93)
	at com.framework.utils.Reporter.reportStep(Reporter.java:108)
	at com.framework.selenium.api.base.SeleniumBase.locateElement(SeleniumBase.java:610)
	at com.framework.selenium.api.base.SeleniumBase.click(SeleniumBase.java:192)
	at com.salesforce.pages.AppLauncher.closeWindow(AppLauncher.java:30)
	at com.salesforce.testcases.TCOO3_VerifyAppLauncherLinks.runLogin(TCOO3_VerifyAppLauncherLinks.java:31)
	at java.base/jdk.internal.reflect.NativeMethodAccessorImpl.invoke0(Native Method)
	at java.base/jdk.internal.reflect.NativeMethodAccessorImpl.invoke(NativeMethodAccessorImpl.java:78)
	at java.base/jdk.internal.reflect.DelegatingMethodAccessorImpl.invoke(DelegatingMethodAccessorImpl.java:43)
	at java.base/java.lang.reflect.Method.invoke(Method.java:567)
	at org.testng.internal.MethodInvocationHelper.invokeMethod(MethodInvocationHelper.java:132)
	at org.testng.internal.TestInvoker.invokeMethod(TestInvoker.java:599)
	at org.testng.internal.TestInvoker.retryFailed(TestInvoker.java:214)
	at org.testng.internal.MethodRunner.runInSequence(MethodRunner.java:58)
	at org.testng.internal.TestInvoker$MethodInvocationAgent.invoke(TestInvoker.java:822)
	at org.testng.internal.TestInvoker.invokeTestMethods(TestInvoker.java:147)
	at org.testng.internal.TestMethodWorker.invokeTestMethods(TestMethodWorker.java:146)
	at org.testng.internal.TestMethodWorker.run(TestMethodWorker.java:128)
	at java.base/java.util.concurrent.ThreadPoolExecutor.runWorker(ThreadPoolExecutor.java:1130)
	at java.base/java.util.concurrent.ThreadPoolExecutor$Worker.run(ThreadPoolExecutor.java:630)
	at java.base/java.lang.Thread.run(Thread.java:831)
</pre></div></td>
<td>116</td>
<td>com.salesforce.testcases.TCOO3_VerifyAppLauncherLinks@51e69659</td></tr>
</table><p>
<table width='100%' border='1' class='invocation-passed'>
<tr><td colspan='4' align='center'><b>PASSED TESTS</b></td></tr>
<tr><td><b>Test method</b></td>
<td width="30%"><b>Exception</b></td>
<td width="10%"><b>Time (seconds)</b></td>
<td><b>Instance</b></td>
</tr>
<tr>
<td title='com.salesforce.testcases.TC001_VerifyLogin.runLogin()'><b>runLogin</b><br>Test class: com.salesforce.testcases.TC001_VerifyLogin<br>Parameters: hari.radhakrishnan@qeagle.com, Testleaf$321</td>
<td></td>
<td>15</td>
<td>com.salesforce.testcases.TC001_VerifyLogin@27462a88</td></tr>
<tr>
<td title='com.salesforce.testcases.TC006_VerifyLogOut.runLogin()'><b>runLogin</b><br>Test class: com.salesforce.testcases.TC006_VerifyLogOut<br>Parameters: hari.radhakrishnan@qeagle.com, Testleaf$321</td>
<td></td>
<td>23</td>
<td>com.salesforce.testcases.TC006_VerifyLogOut@82de64a</td></tr>
<tr>
<td title='com.salesforce.testcases.TC002_VerifyAppLauncher.runLogin()'><b>runLogin</b><br>Test class: com.salesforce.testcases.TC002_VerifyAppLauncher<br>Parameters: hari.radhakrishnan@qeagle.com, Testleaf$321</td>
<td></td>
<td>32</td>
<td>com.salesforce.testcases.TC002_VerifyAppLauncher@659499f1</td></tr>
<tr>
<td title='com.salesforce.testcases.TC004_VerifyGlobalActionPopUp.runLogin()'><b>runLogin</b><br>Test class: com.salesforce.testcases.TC004_VerifyGlobalActionPopUp<br>Parameters: hari.radhakrishnan@qeagle.com, Testleaf$321, DemoProject, Arcot</td>
<td></td>
<td>23</td>
<td>com.salesforce.testcases.TC004_VerifyGlobalActionPopUp@201a4587</td></tr>
</table><p>
<table width='100%' border='1' class='invocation-skipped'>
<tr><td colspan='4' align='center'><b>SKIPPED TESTS</b></td></tr>
<tr><td><b>Test method</b></td>
<td width="30%"><b>Exception</b></td>
<td width="10%"><b>Time (seconds)</b></td>
<td><b>Instance</b></td>
</tr>
<tr>
<td title='com.salesforce.testcases.TC005_VerifyNewTask.runLogin()'><b>runLogin</b><br>Test class: com.salesforce.testcases.TC005_VerifyNewTask<br>Parameters: hari.radhakrishnan@qeagle.com, Testleaf$321, DemoProject</td>
<td><div><pre>java.lang.RuntimeException: See the reporter for details.
	at com.framework.utils.Reporter.reportStep(Reporter.java:93)
	at com.framework.utils.Reporter.reportStep(Reporter.java:108)
	at com.framework.selenium.api.base.SeleniumBase.startApp(SeleniumBase.java:578)
	at com.framework.testng.api.base.ProjectSpecificMethods.preCondition(ProjectSpecificMethods.java:21)
	at java.base/java.util.concurrent.ThreadPoolExecutor.runWorker(ThreadPoolExecutor.java:1130)
	at java.base/java.util.concurrent.ThreadPoolExecutor$Worker.run(ThreadPoolExecutor.java:630)
	at java.base/java.lang.Thread.run(Thread.java:831)
... Removed 16 stack frames</pre></div><a href='#' onClick='toggleBox("stack-trace1494253917", this, "Click to show all stack frames", "Click to hide stack frames")'>Click to show all stack frames</a>
<div class='stack-trace' id='stack-trace1494253917'><pre>java.lang.RuntimeException: See the reporter for details.
	at com.framework.utils.Reporter.reportStep(Reporter.java:93)
	at com.framework.utils.Reporter.reportStep(Reporter.java:108)
	at com.framework.selenium.api.base.SeleniumBase.startApp(SeleniumBase.java:578)
	at com.framework.testng.api.base.ProjectSpecificMethods.preCondition(ProjectSpecificMethods.java:21)
	at java.base/jdk.internal.reflect.NativeMethodAccessorImpl.invoke0(Native Method)
	at java.base/jdk.internal.reflect.NativeMethodAccessorImpl.invoke(NativeMethodAccessorImpl.java:78)
	at java.base/jdk.internal.reflect.DelegatingMethodAccessorImpl.invoke(DelegatingMethodAccessorImpl.java:43)
	at java.base/java.lang.reflect.Method.invoke(Method.java:567)
	at org.testng.internal.MethodInvocationHelper.invokeMethod(MethodInvocationHelper.java:132)
	at org.testng.internal.MethodInvocationHelper.invokeMethodConsideringTimeout(MethodInvocationHelper.java:61)
	at org.testng.internal.ConfigInvoker.invokeConfigurationMethod(ConfigInvoker.java:366)
	at org.testng.internal.ConfigInvoker.invokeConfigurations(ConfigInvoker.java:320)
	at org.testng.internal.TestInvoker.runConfigMethods(TestInvoker.java:701)
	at org.testng.internal.TestInvoker.invokeMethod(TestInvoker.java:527)
	at org.testng.internal.TestInvoker.invokeTestMethod(TestInvoker.java:174)
	at org.testng.internal.MethodRunner.runInSequence(MethodRunner.java:46)
	at org.testng.internal.TestInvoker$MethodInvocationAgent.invoke(TestInvoker.java:822)
	at org.testng.internal.TestInvoker.invokeTestMethods(TestInvoker.java:147)
	at org.testng.internal.TestMethodWorker.invokeTestMethods(TestMethodWorker.java:146)
	at org.testng.internal.TestMethodWorker.run(TestMethodWorker.java:128)
	at java.base/java.util.concurrent.ThreadPoolExecutor.runWorker(ThreadPoolExecutor.java:1130)
	at java.base/java.util.concurrent.ThreadPoolExecutor$Worker.run(ThreadPoolExecutor.java:630)
	at java.base/java.lang.Thread.run(Thread.java:831)
</pre></div></td>
<td>0</td>
<td>com.salesforce.testcases.TC005_VerifyNewTask@47e2e487</td></tr>
<tr>
<td title='com.salesforce.testcases.TC004_VerifyGlobalActionPopUp.runLogin()'><b>runLogin</b><br>Test class: com.salesforce.testcases.TC004_VerifyGlobalActionPopUp<br>Parameters: hari.radhakrishnan@qeagle.com, Testleaf$321, DemoProject, Arcot</td>
<td><div><pre>java.lang.RuntimeException: See the reporter for details.
	at com.framework.utils.Reporter.reportStep(Reporter.java:93)
	at com.framework.utils.Reporter.reportStep(Reporter.java:108)
	at com.framework.selenium.api.base.SeleniumBase.locateElement(SeleniumBase.java:610)
	at com.salesforce.pages.HomePage.clickonGA(HomePage.java:33)
	at com.salesforce.testcases.TC004_VerifyGlobalActionPopUp.runLogin(TC004_VerifyGlobalActionPopUp.java:31)
	at java.base/java.util.concurrent.ThreadPoolExecutor.runWorker(ThreadPoolExecutor.java:1130)
	at java.base/java.util.concurrent.ThreadPoolExecutor$Worker.run(ThreadPoolExecutor.java:630)
	at java.base/java.lang.Thread.run(Thread.java:831)
... Removed 12 stack frames</pre></div><a href='#' onClick='toggleBox("stack-trace1198645161", this, "Click to show all stack frames", "Click to hide stack frames")'>Click to show all stack frames</a>
<div class='stack-trace' id='stack-trace1198645161'><pre>java.lang.RuntimeException: See the reporter for details.
	at com.framework.utils.Reporter.reportStep(Reporter.java:93)
	at com.framework.utils.Reporter.reportStep(Reporter.java:108)
	at com.framework.selenium.api.base.SeleniumBase.locateElement(SeleniumBase.java:610)
	at com.salesforce.pages.HomePage.clickonGA(HomePage.java:33)
	at com.salesforce.testcases.TC004_VerifyGlobalActionPopUp.runLogin(TC004_VerifyGlobalActionPopUp.java:31)
	at java.base/jdk.internal.reflect.NativeMethodAccessorImpl.invoke0(Native Method)
	at java.base/jdk.internal.reflect.NativeMethodAccessorImpl.invoke(NativeMethodAccessorImpl.java:78)
	at java.base/jdk.internal.reflect.DelegatingMethodAccessorImpl.invoke(DelegatingMethodAccessorImpl.java:43)
	at java.base/java.lang.reflect.Method.invoke(Method.java:567)
	at org.testng.internal.MethodInvocationHelper.invokeMethod(MethodInvocationHelper.java:132)
	at org.testng.internal.TestInvoker.invokeMethod(TestInvoker.java:599)
	at org.testng.internal.TestInvoker.invokeTestMethod(TestInvoker.java:174)
	at org.testng.internal.MethodRunner.runInSequence(MethodRunner.java:46)
	at org.testng.internal.TestInvoker$MethodInvocationAgent.invoke(TestInvoker.java:822)
	at org.testng.internal.TestInvoker.invokeTestMethods(TestInvoker.java:147)
	at org.testng.internal.TestMethodWorker.invokeTestMethods(TestMethodWorker.java:146)
	at org.testng.internal.TestMethodWorker.run(TestMethodWorker.java:128)
	at java.base/java.util.concurrent.ThreadPoolExecutor.runWorker(ThreadPoolExecutor.java:1130)
	at java.base/java.util.concurrent.ThreadPoolExecutor$Worker.run(ThreadPoolExecutor.java:630)
	at java.base/java.lang.Thread.run(Thread.java:831)
</pre></div></td>
<td>98</td>
<td>com.salesforce.testcases.TC004_VerifyGlobalActionPopUp@201a4587</td></tr>
<tr>
<td title='com.salesforce.testcases.TCOO3_VerifyAppLauncherLinks.runLogin()'><b>runLogin</b><br>Test class: com.salesforce.testcases.TCOO3_VerifyAppLauncherLinks<br>Parameters: hari.radhakrishnan@qeagle.com, Testleaf$321</td>
<td><div><pre>java.lang.RuntimeException: See the reporter for details.
	at com.framework.utils.Reporter.reportStep(Reporter.java:93)
	at com.framework.utils.Reporter.reportStep(Reporter.java:108)
	at com.framework.selenium.api.base.SeleniumBase.locateElement(SeleniumBase.java:610)
	at com.framework.selenium.api.base.SeleniumBase.click(SeleniumBase.java:192)
	at com.salesforce.pages.AppLauncher.closeWindow(AppLauncher.java:30)
	at com.salesforce.testcases.TCOO3_VerifyAppLauncherLinks.runLogin(TCOO3_VerifyAppLauncherLinks.java:31)
	at java.base/java.util.concurrent.ThreadPoolExecutor.runWorker(ThreadPoolExecutor.java:1130)
	at java.base/java.util.concurrent.ThreadPoolExecutor$Worker.run(ThreadPoolExecutor.java:630)
	at java.base/java.lang.Thread.run(Thread.java:831)
... Removed 12 stack frames</pre></div><a href='#' onClick='toggleBox("stack-trace1513087612", this, "Click to show all stack frames", "Click to hide stack frames")'>Click to show all stack frames</a>
<div class='stack-trace' id='stack-trace1513087612'><pre>java.lang.RuntimeException: See the reporter for details.
	at com.framework.utils.Reporter.reportStep(Reporter.java:93)
	at com.framework.utils.Reporter.reportStep(Reporter.java:108)
	at com.framework.selenium.api.base.SeleniumBase.locateElement(SeleniumBase.java:610)
	at com.framework.selenium.api.base.SeleniumBase.click(SeleniumBase.java:192)
	at com.salesforce.pages.AppLauncher.closeWindow(AppLauncher.java:30)
	at com.salesforce.testcases.TCOO3_VerifyAppLauncherLinks.runLogin(TCOO3_VerifyAppLauncherLinks.java:31)
	at java.base/jdk.internal.reflect.NativeMethodAccessorImpl.invoke0(Native Method)
	at java.base/jdk.internal.reflect.NativeMethodAccessorImpl.invoke(NativeMethodAccessorImpl.java:78)
	at java.base/jdk.internal.reflect.DelegatingMethodAccessorImpl.invoke(DelegatingMethodAccessorImpl.java:43)
	at java.base/java.lang.reflect.Method.invoke(Method.java:567)
	at org.testng.internal.MethodInvocationHelper.invokeMethod(MethodInvocationHelper.java:132)
	at org.testng.internal.TestInvoker.invokeMethod(TestInvoker.java:599)
	at org.testng.internal.TestInvoker.invokeTestMethod(TestInvoker.java:174)
	at org.testng.internal.MethodRunner.runInSequence(MethodRunner.java:46)
	at org.testng.internal.TestInvoker$MethodInvocationAgent.invoke(TestInvoker.java:822)
	at org.testng.internal.TestInvoker.invokeTestMethods(TestInvoker.java:147)
	at org.testng.internal.TestMethodWorker.invokeTestMethods(TestMethodWorker.java:146)
	at org.testng.internal.TestMethodWorker.run(TestMethodWorker.java:128)
	at java.base/java.util.concurrent.ThreadPoolExecutor.runWorker(ThreadPoolExecutor.java:1130)
	at java.base/java.util.concurrent.ThreadPoolExecutor$Worker.run(ThreadPoolExecutor.java:630)
	at java.base/java.lang.Thread.run(Thread.java:831)
</pre></div></td>
<td>118</td>
<td>com.salesforce.testcases.TCOO3_VerifyAppLauncherLinks@51e69659</td></tr>
<tr>
<td title='com.salesforce.testcases.TCOO3_VerifyAppLauncherLinks.runLogin()'><b>runLogin</b><br>Test class: com.salesforce.testcases.TCOO3_VerifyAppLauncherLinks<br>Parameters: hari.radhakrishnan@qeagle.com, Testleaf$321</td>
<td><div><pre>java.lang.RuntimeException: See the reporter for details.
	at com.framework.utils.Reporter.reportStep(Reporter.java:93)
	at com.framework.utils.Reporter.reportStep(Reporter.java:108)
	at com.framework.selenium.api.base.SeleniumBase.locateElement(SeleniumBase.java:610)
	at com.framework.selenium.api.base.SeleniumBase.click(SeleniumBase.java:192)
	at com.salesforce.pages.AppLauncher.closeWindow(AppLauncher.java:30)
	at com.salesforce.testcases.TCOO3_VerifyAppLauncherLinks.runLogin(TCOO3_VerifyAppLauncherLinks.java:31)
	at java.base/java.util.concurrent.ThreadPoolExecutor.runWorker(ThreadPoolExecutor.java:1130)
	at java.base/java.util.concurrent.ThreadPoolExecutor$Worker.run(ThreadPoolExecutor.java:630)
	at java.base/java.lang.Thread.run(Thread.java:831)
... Removed 12 stack frames</pre></div><a href='#' onClick='toggleBox("stack-trace898960213", this, "Click to show all stack frames", "Click to hide stack frames")'>Click to show all stack frames</a>
<div class='stack-trace' id='stack-trace898960213'><pre>java.lang.RuntimeException: See the reporter for details.
	at com.framework.utils.Reporter.reportStep(Reporter.java:93)
	at com.framework.utils.Reporter.reportStep(Reporter.java:108)
	at com.framework.selenium.api.base.SeleniumBase.locateElement(SeleniumBase.java:610)
	at com.framework.selenium.api.base.SeleniumBase.click(SeleniumBase.java:192)
	at com.salesforce.pages.AppLauncher.closeWindow(AppLauncher.java:30)
	at com.salesforce.testcases.TCOO3_VerifyAppLauncherLinks.runLogin(TCOO3_VerifyAppLauncherLinks.java:31)
	at java.base/jdk.internal.reflect.NativeMethodAccessorImpl.invoke0(Native Method)
	at java.base/jdk.internal.reflect.NativeMethodAccessorImpl.invoke(NativeMethodAccessorImpl.java:78)
	at java.base/jdk.internal.reflect.DelegatingMethodAccessorImpl.invoke(DelegatingMethodAccessorImpl.java:43)
	at java.base/java.lang.reflect.Method.invoke(Method.java:567)
	at org.testng.internal.MethodInvocationHelper.invokeMethod(MethodInvocationHelper.java:132)
	at org.testng.internal.TestInvoker.invokeMethod(TestInvoker.java:599)
	at org.testng.internal.TestInvoker.retryFailed(TestInvoker.java:214)
	at org.testng.internal.MethodRunner.runInSequence(MethodRunner.java:58)
	at org.testng.internal.TestInvoker$MethodInvocationAgent.invoke(TestInvoker.java:822)
	at org.testng.internal.TestInvoker.invokeTestMethods(TestInvoker.java:147)
	at org.testng.internal.TestMethodWorker.invokeTestMethods(TestMethodWorker.java:146)
	at org.testng.internal.TestMethodWorker.run(TestMethodWorker.java:128)
	at java.base/java.util.concurrent.ThreadPoolExecutor.runWorker(ThreadPoolExecutor.java:1130)
	at java.base/java.util.concurrent.ThreadPoolExecutor$Worker.run(ThreadPoolExecutor.java:630)
	at java.base/java.lang.Thread.run(Thread.java:831)
</pre></div></td>
<td>116</td>
<td>com.salesforce.testcases.TCOO3_VerifyAppLauncherLinks@51e69659</td></tr>
</table><p>
</body>
</html>