<?xml version="1.0" encoding="UTF-8"?>
<!-- Generated by org.testng.reporters.JUnitReportReporter -->
<testsuite hostname="QA1082" failures="0" tests="3" name="com.salesforce.testcases.TCOO3_VerifyAppLauncherLinks" time="377.916" errors="1" timestamp="2022-11-21T11:29:59 IST" skipped="2">
  <testcase classname="com.salesforce.testcases.TCOO3_VerifyAppLauncherLinks" name="runLogin" time="121.409">
    <skipped/>
  </testcase> <!-- runLogin -->
  <system-out/>
  <testcase classname="com.salesforce.testcases.TCOO3_VerifyAppLauncherLinks" name="runLogin" time="135.486">
    <error message="See the reporter for details." type="java.lang.RuntimeException">
      <![CDATA[java.lang.RuntimeException: See the reporter for details.
at com.framework.utils.Reporter.reportStep(Reporter.java:93)
at com.framework.utils.Reporter.reportStep(Reporter.java:108)
at com.framework.selenium.api.base.SeleniumBase.locateElement(SeleniumBase.java:610)
at com.framework.selenium.api.base.SeleniumBase.click(SeleniumBase.java:192)
at com.salesforce.pages.AppLauncher.closeWindow(AppLauncher.java:30)
at com.salesforce.testcases.TCOO3_VerifyAppLauncherLinks.runLogin(TCOO3_VerifyAppLauncherLinks.java:31)
at java.base/jdk.internal.reflect.NativeMethodAccessorImpl.invoke0(Native Method)
at java.base/jdk.internal.reflect.NativeMethodAccessorImpl.invoke(NativeMethodAccessorImpl.java:78)
at java.base/jdk.internal.reflect.DelegatingMethodAccessorImpl.invoke(DelegatingMethodAccessorImpl.java:43)
at java.base/java.lang.reflect.Method.invoke(Method.java:567)
at org.testng.internal.MethodInvocationHelper.invokeMethod(MethodInvocationHelper.java:132)
at org.testng.internal.TestInvoker.invokeMethod(TestInvoker.java:599)
at org.testng.internal.TestInvoker.retryFailed(TestInvoker.java:214)
at org.testng.internal.MethodRunner.runInSequence(MethodRunner.java:58)
at org.testng.internal.TestInvoker$MethodInvocationAgent.invoke(TestInvoker.java:822)
at org.testng.internal.TestInvoker.invokeTestMethods(TestInvoker.java:147)
at org.testng.internal.TestMethodWorker.invokeTestMethods(TestMethodWorker.java:146)
at org.testng.internal.TestMethodWorker.run(TestMethodWorker.java:128)
at java.base/java.util.concurrent.ThreadPoolExecutor.runWorker(ThreadPoolExecutor.java:1130)
at java.base/java.util.concurrent.ThreadPoolExecutor$Worker.run(ThreadPoolExecutor.java:630)
at java.base/java.lang.Thread.run(Thread.java:831)
]]>
    </error>
  </testcase> <!-- runLogin -->
  <system-out/>
  <testcase classname="com.salesforce.testcases.TCOO3_VerifyAppLauncherLinks" name="runLogin" time="121.021">
    <skipped/>
  </testcase> <!-- runLogin -->
  <system-out/>
</testsuite> <!-- com.salesforce.testcases.TCOO3_VerifyAppLauncherLinks -->
